
2023-02-06 09:00:04...installerHook: Info: custom/install/install_hooks.php not present, no custom hooks to execute
2023-02-06 09:00:05...installerHook: Info: custom/install/install_hooks.php not present, no custom hooks to execute
2023-02-06 09:00:44...installerHook: Info: custom/install/install_hooks.php not present, no custom hooks to execute
2023-02-06 09:00:57...installerHook: Info: custom/install/install_hooks.php not present, no custom hooks to execute
2023-02-06 09:01:59...installerHook: Info: custom/install/install_hooks.php not present, no custom hooks to execute
2023-02-06 09:02:19...installerHook: Info: custom/install/install_hooks.php not present, no custom hooks to execute
2023-02-06 09:02:20...installerHook: Info: custom/install/install_hooks.php not present, no custom hooks to execute
2023-02-06 09:02:42...Begin System Check Process *************
2023-02-06 09:02:42...XML Parsing Support Found
2023-02-06 09:02:42...JSON Parsing Support Found
2023-02-06 09:02:42...MBString Support Found
2023-02-06 09:02:42...ZIP Support Found
2023-02-06 09:02:42.../custom directory and subdirectory check passed
2023-02-06 09:02:42...cache directory and subdirectory check passed
2023-02-06 09:02:44...installerHook: Info: custom/install/install_hooks.php not present, no custom hooks to execute
2023-02-06 09:03:15.../module  directory and subdirectory check passed
2023-02-06 09:03:15.../upload directory check passed
2023-02-06 09:03:15.../zip check passed
2023-02-06 09:03:15...PCRE version check passed
2023-02-06 09:03:15...installerHook: Info: custom/install/install_hooks.php not present, no custom hooks to execute
2023-02-06 09:03:15...php.ini location found. C:\xampp\php\php.ini
2023-02-06 09:03:15...Outputting HTML for System check
2023-02-06 09:03:15...No Errors were found *************
2023-02-06 09:03:39...installerHook: Info: custom/install/install_hooks.php not present, no custom hooks to execute
2023-02-06 09:04:44...installerHook: Info: custom/install/install_hooks.php not present, no custom hooks to execute
2023-02-06 09:05:09...installerHook: Info: custom/install/install_hooks.php not present, no custom hooks to execute
2023-02-06 09:06:33...Begin DB Check Process *************
2023-02-06 09:06:33...testing with mysql:mysqli
2023-02-06 09:06:33...Basic form info is valid, continuing Process.
2023-02-06 09:06:33...Testing user account...
2023-02-06 09:06:33...Connection made using  host: localhost, usr: root
2023-02-06 09:06:33...SUCCESS:: no errors detected!
2023-02-06 09:06:33...End DB Check Process *************
2023-02-06 09:06:34...installerHook: Info: custom/install/install_hooks.php not present, no custom hooks to execute
2023-02-06 09:06:34...calling handleSugarConfig()
2023-02-06 09:06:34...calling handleHtaccess()
2023-02-06 09:06:34...calling handleDbCreateDatabase()
2023-02-06 09:06:46...looping through all the Beans and create their tables
2023-02-06 09:06:46...processing table acl_actions
2023-02-06 09:06:46...creating table acl_actions
2023-02-06 09:06:46...creating Relationship Meta for ACLAction
2023-02-06 09:06:47...processing table acl_roles
2023-02-06 09:06:47...creating table acl_roles
2023-02-06 09:06:47...creating Relationship Meta for ACLRole
2023-02-06 09:06:47...processing table relationships
2023-02-06 09:06:47...creating table relationships
2023-02-06 09:06:47...creating Relationship Meta for Relationship
2023-02-06 09:06:48...processing table leads
2023-02-06 09:06:58...creating table leads
2023-02-06 09:06:58...creating Relationship Meta for Lead
2023-02-06 09:06:59...processing table cases
2023-02-06 09:06:59...creating table cases
2023-02-06 09:06:59...creating Relationship Meta for Case
2023-02-06 09:07:00...processing table bugs
2023-02-06 09:07:00...creating table bugs
2023-02-06 09:07:00...creating Relationship Meta for Bug
2023-02-06 09:07:00...processing table users
2023-02-06 09:07:01...creating table users
2023-02-06 09:07:01...creating Relationship Meta for User
2023-02-06 09:07:01...processing table campaign_log
2023-02-06 09:07:01...creating table campaign_log
2023-02-06 09:07:01...creating Relationship Meta for CampaignLog
2023-02-06 09:07:02...processing table project
2023-02-06 09:07:02...creating table project
2023-02-06 09:07:02...creating Relationship Meta for Project
2023-02-06 09:07:02...processing table project_task
2023-02-06 09:07:03...creating table project_task
2023-02-06 09:07:03...creating Relationship Meta for ProjectTask
2023-02-06 09:07:03...processing table campaigns
2023-02-06 09:07:03...creating table campaigns
2023-02-06 09:07:03...creating Relationship Meta for Campaign
2023-02-06 09:07:03...processing table prospect_lists
2023-02-06 09:07:04...creating table prospect_lists
2023-02-06 09:07:04...creating Relationship Meta for ProspectList
2023-02-06 09:07:04...processing table prospects
2023-02-06 09:07:04...creating table prospects
2023-02-06 09:07:04...creating Relationship Meta for Prospect
2023-02-06 09:07:05...processing table email_marketing
2023-02-06 09:07:05...creating table email_marketing
2023-02-06 09:07:05...creating Relationship Meta for EmailMarketing
2023-02-06 09:07:05...processing table campaign_trkrs
2023-02-06 09:07:05...creating table campaign_trkrs
2023-02-06 09:07:05...creating Relationship Meta for CampaignTracker
2023-02-06 09:07:05...processing table releases
2023-02-06 09:07:06...creating table releases
2023-02-06 09:07:06...creating Relationship Meta for Release
2023-02-06 09:07:06...processing table emailman
2023-02-06 09:07:06...creating table emailman
2023-02-06 09:07:06...creating Relationship Meta for EmailMan
2023-02-06 09:07:06...processing table schedulers
2023-02-06 09:07:06...creating table schedulers
2023-02-06 09:07:06...creating Relationship Meta for Scheduler
2023-02-06 09:07:06...processing table job_queue
2023-02-06 09:07:06...creating table job_queue
2023-02-06 09:07:06...creating Relationship Meta for SchedulersJob
2023-02-06 09:07:07...processing table contacts
2023-02-06 09:07:07...creating table contacts
2023-02-06 09:07:07...creating Relationship Meta for Contact
2023-02-06 09:07:07...processing table accounts
2023-02-06 09:07:07...creating table accounts
2023-02-06 09:07:07...creating Relationship Meta for Account
2023-02-06 09:07:08...processing table opportunities
2023-02-06 09:07:09...creating table opportunities
2023-02-06 09:07:09...creating Relationship Meta for Opportunity
2023-02-06 09:07:09...processing table email_templates
2023-02-06 09:07:09...creating table email_templates
2023-02-06 09:07:09...creating Relationship Meta for EmailTemplate
2023-02-06 09:07:10...processing table notes
2023-02-06 09:07:10...creating table notes
2023-02-06 09:07:10...creating Relationship Meta for Note
2023-02-06 09:07:10...processing table calls
2023-02-06 09:07:10...creating table calls
2023-02-06 09:07:10...creating Relationship Meta for Call
2023-02-06 09:07:11...processing table emails
2023-02-06 09:07:11...creating table emails
2023-02-06 09:07:11...creating Relationship Meta for Email
2023-02-06 09:07:11...processing table meetings
2023-02-06 09:07:12...creating table meetings
2023-02-06 09:07:12...creating Relationship Meta for Meeting
2023-02-06 09:07:12...processing table tasks
2023-02-06 09:07:12...creating table tasks
2023-02-06 09:07:12...creating Relationship Meta for Task
2023-02-06 09:07:12...processing table users
2023-02-06 09:07:12...processing table users
2023-02-06 09:07:12...processing table currencies
2023-02-06 09:07:12...creating table currencies
2023-02-06 09:07:12...creating Relationship Meta for Currency
2023-02-06 09:07:12...processing table tracker
2023-02-06 09:07:12...creating table tracker
2023-02-06 09:07:12...creating Relationship Meta for Tracker
2023-02-06 09:07:13...processing table import_maps
2023-02-06 09:07:13...creating table import_maps
2023-02-06 09:07:13...creating Relationship Meta for ImportMap
2023-02-06 09:07:13...processing table users_last_import
2023-02-06 09:07:13...creating table users_last_import
2023-02-06 09:07:13...creating Relationship Meta for UsersLastImport
2023-02-06 09:07:13...processing table config
2023-02-06 09:07:13...creating table config
2023-02-06 09:07:13...creating Relationship Meta for Administration
2023-02-06 09:07:13...processing table upgrade_history
2023-02-06 09:07:13...creating table upgrade_history
2023-02-06 09:07:13...creating Relationship Meta for UpgradeHistory
2023-02-06 09:07:13...processing table vcals
2023-02-06 09:07:13...creating table vcals
2023-02-06 09:07:13...creating Relationship Meta for vCal
2023-02-06 09:07:13...processing table alerts
2023-02-06 09:07:13...creating table alerts
2023-02-06 09:07:13...creating Relationship Meta for Alert
2023-02-06 09:07:14...processing table roles
2023-02-06 09:07:14...creating table roles
2023-02-06 09:07:14...creating Relationship Meta for Role
2023-02-06 09:07:14...processing table documents
2023-02-06 09:07:14...creating table documents
2023-02-06 09:07:14...creating Relationship Meta for Document
2023-02-06 09:07:14...processing table document_revisions
2023-02-06 09:07:14...creating table document_revisions
2023-02-06 09:07:14...creating Relationship Meta for DocumentRevision
2023-02-06 09:07:15...processing table fields_meta_data
2023-02-06 09:07:15...creating table fields_meta_data
2023-02-06 09:07:15...creating Relationship Meta for FieldsMetaData
2023-02-06 09:07:15...processing table 
2023-02-06 09:07:18...processing table inbound_email
2023-02-06 09:07:18...creating table inbound_email
2023-02-06 09:07:18...creating Relationship Meta for InboundEmail
2023-02-06 09:07:19...processing table saved_search
2023-02-06 09:07:19...creating table saved_search
2023-02-06 09:07:19...creating Relationship Meta for SavedSearch
2023-02-06 09:07:19...processing table user_preferences
2023-02-06 09:07:19...creating table user_preferences
2023-02-06 09:07:19...creating Relationship Meta for UserPreference
2023-02-06 09:07:19...processing table 
2023-02-06 09:07:19...processing table email_addresses
2023-02-06 09:07:19...creating table email_addresses
2023-02-06 09:07:19...creating Relationship Meta for EmailAddress
2023-02-06 09:07:19...processing table emails_text
2023-02-06 09:07:19...creating table emails_text
2023-02-06 09:07:19...creating Relationship Meta for EmailText
2023-02-06 09:07:19...processing table spots
2023-02-06 09:07:20...creating table spots
2023-02-06 09:07:20...creating Relationship Meta for Spots
2023-02-06 09:07:20...processing table aobh_businesshours
2023-02-06 09:07:20...creating table aobh_businesshours
2023-02-06 09:07:20...creating Relationship Meta for AOBH_BusinessHours
2023-02-06 09:07:20...processing table sugarfeed
2023-02-06 09:07:20...creating table sugarfeed
2023-02-06 09:07:20...creating Relationship Meta for SugarFeed
2023-02-06 09:07:21...processing table eapm
2023-02-06 09:07:21...creating table eapm
2023-02-06 09:07:21...creating Relationship Meta for EAPM
2023-02-06 09:07:21...processing table oauth_consumer
2023-02-06 09:07:21...creating table oauth_consumer
2023-02-06 09:07:21...creating Relationship Meta for OAuthKey
2023-02-06 09:07:21...processing table oauth_tokens
2023-02-06 09:07:21...creating table oauth_tokens
2023-02-06 09:07:21...creating Relationship Meta for OAuthToken
2023-02-06 09:07:22...processing table am_projecttemplates
2023-02-06 09:07:22...creating table am_projecttemplates
2023-02-06 09:07:22...creating Relationship Meta for AM_ProjectTemplates
2023-02-06 09:07:22...processing table am_tasktemplates
2023-02-06 09:07:23...creating table am_tasktemplates
2023-02-06 09:07:23...creating Relationship Meta for AM_TaskTemplates
2023-02-06 09:07:23...processing table favorites
2023-02-06 09:07:23...creating table favorites
2023-02-06 09:07:24...creating Relationship Meta for Favorites
2023-02-06 09:07:24...processing table aok_knowledge_base_categories
2023-02-06 09:07:24...creating table aok_knowledge_base_categories
2023-02-06 09:07:24...creating Relationship Meta for AOK_Knowledge_Base_Categories
2023-02-06 09:07:24...processing table aok_knowledgebase
2023-02-06 09:07:25...creating table aok_knowledgebase
2023-02-06 09:07:25...creating Relationship Meta for AOK_KnowledgeBase
2023-02-06 09:07:25...processing table reminders
2023-02-06 09:07:25...creating table reminders
2023-02-06 09:07:25...creating Relationship Meta for Reminder
2023-02-06 09:07:25...processing table reminders_invitees
2023-02-06 09:07:25...creating table reminders_invitees
2023-02-06 09:07:25...creating Relationship Meta for Reminder_Invitee
2023-02-06 09:07:26...processing table fp_events
2023-02-06 09:07:26...creating table fp_events
2023-02-06 09:07:26...creating Relationship Meta for FP_events
2023-02-06 09:07:26...processing table fp_event_locations
2023-02-06 09:07:27...creating table fp_event_locations
2023-02-06 09:07:27...creating Relationship Meta for FP_Event_Locations
2023-02-06 09:07:27...processing table aod_indexevent
2023-02-06 09:07:27...creating table aod_indexevent
2023-02-06 09:07:27...creating Relationship Meta for AOD_IndexEvent
2023-02-06 09:07:28...processing table aod_index
2023-02-06 09:07:29...creating table aod_index
2023-02-06 09:07:29...creating Relationship Meta for AOD_Index
2023-02-06 09:07:29...processing table aop_case_events
2023-02-06 09:07:29...creating table aop_case_events
2023-02-06 09:07:29...creating Relationship Meta for AOP_Case_Events
2023-02-06 09:07:29...processing table aop_case_updates
2023-02-06 09:07:30...creating table aop_case_updates
2023-02-06 09:07:30...creating Relationship Meta for AOP_Case_Updates
2023-02-06 09:07:30...processing table aor_reports
2023-02-06 09:07:31...creating table aor_reports
2023-02-06 09:07:31...creating Relationship Meta for AOR_Report
2023-02-06 09:07:31...processing table aor_fields
2023-02-06 09:07:31...creating table aor_fields
2023-02-06 09:07:31...creating Relationship Meta for AOR_Field
2023-02-06 09:07:32...processing table aor_charts
2023-02-06 09:07:32...creating table aor_charts
2023-02-06 09:07:32...creating Relationship Meta for AOR_Chart
2023-02-06 09:07:32...processing table aor_conditions
2023-02-06 09:07:32...creating table aor_conditions
2023-02-06 09:07:32...creating Relationship Meta for AOR_Condition
2023-02-06 09:07:32...processing table aor_scheduled_reports
2023-02-06 09:07:32...creating table aor_scheduled_reports
2023-02-06 09:07:33...creating Relationship Meta for AOR_Scheduled_Reports
2023-02-06 09:07:33...processing table aos_contracts
2023-02-06 09:07:33...creating table aos_contracts
2023-02-06 09:07:33...creating Relationship Meta for AOS_Contracts
2023-02-06 09:07:33...processing table aos_invoices
2023-02-06 09:07:33...creating table aos_invoices
2023-02-06 09:07:33...creating Relationship Meta for AOS_Invoices
2023-02-06 09:07:34...processing table aos_pdf_templates
2023-02-06 09:07:34...creating table aos_pdf_templates
2023-02-06 09:07:34...creating Relationship Meta for AOS_PDF_Templates
2023-02-06 09:07:34...processing table aos_product_categories
2023-02-06 09:07:34...creating table aos_product_categories
2023-02-06 09:07:34...creating Relationship Meta for AOS_Product_Categories
2023-02-06 09:07:35...processing table aos_products
2023-02-06 09:07:35...creating table aos_products
2023-02-06 09:07:35...creating Relationship Meta for AOS_Products
2023-02-06 09:07:35...processing table aos_products_quotes
2023-02-06 09:07:36...creating table aos_products_quotes
2023-02-06 09:07:36...creating Relationship Meta for AOS_Products_Quotes
2023-02-06 09:07:36...processing table aos_line_item_groups
2023-02-06 09:07:36...creating table aos_line_item_groups
2023-02-06 09:07:36...creating Relationship Meta for AOS_Line_Item_Groups
2023-02-06 09:07:37...processing table aos_quotes
2023-02-06 09:07:37...creating table aos_quotes
2023-02-06 09:07:37...creating Relationship Meta for AOS_Quotes
2023-02-06 09:07:37...processing table aow_actions
2023-02-06 09:07:37...creating table aow_actions
2023-02-06 09:07:37...creating Relationship Meta for AOW_Action
2023-02-06 09:07:37...processing table aow_workflow
2023-02-06 09:07:37...creating table aow_workflow
2023-02-06 09:07:37...creating Relationship Meta for AOW_WorkFlow
2023-02-06 09:07:38...processing table aow_processed
2023-02-06 09:07:38...creating table aow_processed
2023-02-06 09:07:38...creating Relationship Meta for AOW_Processed
2023-02-06 09:07:38...processing table aow_conditions
2023-02-06 09:07:39...creating table aow_conditions
2023-02-06 09:07:39...creating Relationship Meta for AOW_Condition
2023-02-06 09:07:39...processing table jjwg_maps
2023-02-06 09:07:39...creating table jjwg_maps
2023-02-06 09:07:39...creating Relationship Meta for jjwg_Maps
2023-02-06 09:07:40...processing table jjwg_markers
2023-02-06 09:07:40...creating table jjwg_markers
2023-02-06 09:07:40...creating Relationship Meta for jjwg_Markers
2023-02-06 09:07:40...processing table jjwg_areas
2023-02-06 09:07:40...creating table jjwg_areas
2023-02-06 09:07:40...creating Relationship Meta for jjwg_Areas
2023-02-06 09:07:41...processing table jjwg_address_cache
2023-02-06 09:07:41...creating table jjwg_address_cache
2023-02-06 09:07:41...creating Relationship Meta for jjwg_Address_Cache
2023-02-06 09:07:41...processing table calls_reschedule
2023-02-06 09:07:41...creating table calls_reschedule
2023-02-06 09:07:41...creating Relationship Meta for Calls_Reschedule
2023-02-06 09:07:42...processing table securitygroups
2023-02-06 09:07:42...creating table securitygroups
2023-02-06 09:07:42...creating Relationship Meta for SecurityGroup
2023-02-06 09:07:42...processing table outbound_email
2023-02-06 09:07:42...creating table outbound_email
2023-02-06 09:07:42...creating Relationship Meta for OutboundEmailAccounts
2023-02-06 09:07:43...processing table external_oauth_connections
2023-02-06 09:07:43...creating table external_oauth_connections
2023-02-06 09:07:43...creating Relationship Meta for ExternalOAuthConnection
2023-02-06 09:07:43...processing table external_oauth_providers
2023-02-06 09:07:43...creating table external_oauth_providers
2023-02-06 09:07:43...creating Relationship Meta for ExternalOAuthProvider
2023-02-06 09:07:44...processing table templatesectionline
2023-02-06 09:07:44...creating table templatesectionline
2023-02-06 09:07:44...creating Relationship Meta for TemplateSectionLine
2023-02-06 09:07:44...processing table oauth2tokens
2023-02-06 09:07:44...creating table oauth2tokens
2023-02-06 09:07:44...creating Relationship Meta for OAuth2Tokens
2023-02-06 09:07:44...processing table oauth2clients
2023-02-06 09:07:45...creating table oauth2clients
2023-02-06 09:07:45...creating Relationship Meta for OAuth2Clients
2023-02-06 09:07:45...processing table surveyresponses
2023-02-06 09:07:45...creating table surveyresponses
2023-02-06 09:07:45...creating Relationship Meta for SurveyResponses
2023-02-06 09:07:46...processing table surveys
2023-02-06 09:07:46...creating table surveys
2023-02-06 09:07:46...creating Relationship Meta for Surveys
2023-02-06 09:07:46...processing table surveyquestionresponses
2023-02-06 09:07:46...creating table surveyquestionresponses
2023-02-06 09:07:46...creating Relationship Meta for SurveyQuestionResponses
2023-02-06 09:07:47...processing table surveyquestions
2023-02-06 09:07:48...creating table surveyquestions
2023-02-06 09:07:48...creating Relationship Meta for SurveyQuestions
2023-02-06 09:07:49...processing table surveyquestionoptions
2023-02-06 09:07:49...creating table surveyquestionoptions
2023-02-06 09:07:49...creating Relationship Meta for SurveyQuestionOptions
2023-02-06 09:08:01...Begin creating Defaults
2023-02-06 09:08:01...insert defaults into config table
2023-02-06 09:08:01...Creating default users
2023-02-06 09:08:02...Creating default scheduler jobs
2023-02-06 09:08:02...Enable SugarFeeds
2023-02-06 09:08:03...Installation has completed *********
2023-02-06 09:08:28...populating the db with seed data
2023-02-06 09:08:28...Save configuration settings..
2023-02-06 09:08:28...save locale
2023-02-06 09:08:28...new Administration
2023-02-06 09:08:28...retrieveSettings
2023-02-06 09:08:28...AdminWizard OFF
2023-02-06 09:08:28...saveConfig
2023-02-06 09:08:28...new Configurator
2023-02-06 09:08:28...populateFromPost
2023-02-06 09:08:28...handleOverride
2023-02-06 09:08:28...addCronAllowedUser
2023-02-06 09:08:29...saveConfig
2023-02-06 09:08:29...new Currency
2023-02-06 09:08:29...retrieve
2023-02-06 09:08:29...DBG: save currency
2023-02-06 09:08:29...Save user settings..
2023-02-06 09:08:30...DBG: SugarThemeRegistry::getDefault
2023-02-07 15:30:24...installerHook: Info: custom/install/install_hooks.php not present, no custom hooks to execute
2023-02-09 09:59:50...installerHook: Info: custom/install/install_hooks.php not present, no custom hooks to execute
2023-02-09 09:59:51...installerHook: Info: custom/install/install_hooks.php not present, no custom hooks to execute
2023-02-09 10:00:01...installerHook: Info: custom/install/install_hooks.php not present, no custom hooks to execute
2023-02-09 10:00:09...installerHook: Info: custom/install/install_hooks.php not present, no custom hooks to execute
2023-02-09 10:00:14...installerHook: Info: custom/install/install_hooks.php not present, no custom hooks to execute